<?xml version="1.0" encoding="UTF-8"?>
<robot generator="Robot 3.2.1 (Python 3.8.3 on win32)" generated="20200731 15:30:02.804" rpa="false">
<suite id="s1" name="Login Form" source="C:\qaninja\robot\Web\testes\login_form.robot">
<test id="s1-t1" name="Login com sucesso">
<kw name="Nova sessão" library="base" type="setup">
<kw name="Open Browser" library="SeleniumLibrary">
<doc>Opens a new browser instance to the optional ``url``.</doc>
<arguments>
<arg>${url}</arg>
<arg>chrome</arg>
</arguments>
<msg timestamp="20200731 15:30:03.140" level="INFO">Opening browser 'chrome' to base url 'https://training-wheels-protocol.herokuapp.com'.</msg>
<status status="PASS" starttime="20200731 15:30:03.139" endtime="20200731 15:30:15.546"></status>
</kw>
<status status="PASS" starttime="20200731 15:30:03.139" endtime="20200731 15:30:15.547"></status>
</kw>
<kw name="Go To" library="SeleniumLibrary">
<doc>Navigates the current browser window to the provided ``url``.</doc>
<arguments>
<arg>${url}/login</arg>
</arguments>
<msg timestamp="20200731 15:30:15.552" level="INFO">Opening url 'https://training-wheels-protocol.herokuapp.com/login'</msg>
<status status="PASS" starttime="20200731 15:30:15.551" endtime="20200731 15:30:15.997"></status>
</kw>
<kw name="Login With">
<arguments>
<arg>stark</arg>
<arg>jarvis!</arg>
</arguments>
<kw name="Input Text" library="SeleniumLibrary">
<doc>Types the given ``text`` into the text field identified by ``locator``.</doc>
<arguments>
<arg>css:input[name=username]</arg>
<arg>${uname}</arg>
</arguments>
<msg timestamp="20200731 15:30:15.998" level="INFO">Typing text 'stark' into text field 'css:input[name=username]'.</msg>
<status status="PASS" starttime="20200731 15:30:15.998" endtime="20200731 15:30:16.127"></status>
</kw>
<kw name="Input Text" library="SeleniumLibrary">
<doc>Types the given ``text`` into the text field identified by ``locator``.</doc>
<arguments>
<arg>css:input[name=password]</arg>
<arg>${pass}</arg>
</arguments>
<msg timestamp="20200731 15:30:16.128" level="INFO">Typing text 'jarvis!' into text field 'css:input[name=password]'.</msg>
<status status="PASS" starttime="20200731 15:30:16.128" endtime="20200731 15:30:16.260"></status>
</kw>
<kw name="Click Element" library="SeleniumLibrary">
<doc>Click the element identified by ``locator``.</doc>
<arguments>
<arg>class:btn-login</arg>
</arguments>
<msg timestamp="20200731 15:30:16.260" level="INFO">Clicking element 'class:btn-login'.</msg>
<status status="PASS" starttime="20200731 15:30:16.260" endtime="20200731 15:30:16.742"></status>
</kw>
<status status="PASS" starttime="20200731 15:30:15.997" endtime="20200731 15:30:16.742"></status>
</kw>
<kw name="Should See Logged User">
<arguments>
<arg>Tony Stark</arg>
</arguments>
<kw name="Page Should Contain" library="SeleniumLibrary">
<doc>Verifies that current page contains ``text``.</doc>
<arguments>
<arg>Olá, ${full_name}. Você acessou a área logada!</arg>
</arguments>
<msg timestamp="20200731 15:30:16.780" level="INFO">Current page contains text 'Olá, Tony Stark. Você acessou a área logada!'.</msg>
<status status="PASS" starttime="20200731 15:30:16.743" endtime="20200731 15:30:16.780"></status>
</kw>
<status status="PASS" starttime="20200731 15:30:16.743" endtime="20200731 15:30:16.780"></status>
</kw>
<kw name="Encerra sessão" library="base" type="teardown">
<kw name="Capture Page Screenshot" library="SeleniumLibrary">
<doc>Takes a screenshot of the current page and embeds it into a log file.</doc>
<msg timestamp="20200731 15:30:17.140" level="INFO" html="yes">&lt;/td&gt;&lt;/tr&gt;&lt;tr&gt;&lt;td colspan="3"&gt;&lt;a href="selenium-screenshot-58.png"&gt;&lt;img src="selenium-screenshot-58.png" width="800px"&gt;&lt;/a&gt;</msg>
<status status="PASS" starttime="20200731 15:30:16.782" endtime="20200731 15:30:17.140"></status>
</kw>
<kw name="Close Browser" library="SeleniumLibrary">
<doc>Closes the current browser.</doc>
<status status="PASS" starttime="20200731 15:30:17.140" endtime="20200731 15:30:19.566"></status>
</kw>
<status status="PASS" starttime="20200731 15:30:16.781" endtime="20200731 15:30:19.567"></status>
</kw>
<status status="PASS" starttime="20200731 15:30:03.138" endtime="20200731 15:30:19.568" critical="yes"></status>
</test>
<test id="s1-t2" name="Senha invalida">
<kw name="Nova sessão" library="base" type="setup">
<kw name="Open Browser" library="SeleniumLibrary">
<doc>Opens a new browser instance to the optional ``url``.</doc>
<arguments>
<arg>${url}</arg>
<arg>chrome</arg>
</arguments>
<msg timestamp="20200731 15:30:19.580" level="INFO">Opening browser 'chrome' to base url 'https://training-wheels-protocol.herokuapp.com'.</msg>
<status status="PASS" starttime="20200731 15:30:19.579" endtime="20200731 15:30:28.651"></status>
</kw>
<status status="PASS" starttime="20200731 15:30:19.578" endtime="20200731 15:30:28.651"></status>
</kw>
<kw name="Go To" library="SeleniumLibrary">
<doc>Navigates the current browser window to the provided ``url``.</doc>
<arguments>
<arg>${url}/login</arg>
</arguments>
<msg timestamp="20200731 15:30:28.652" level="INFO">Opening url 'https://training-wheels-protocol.herokuapp.com/login'</msg>
<status status="PASS" starttime="20200731 15:30:28.652" endtime="20200731 15:30:29.162"></status>
</kw>
<kw name="Login With">
<arguments>
<arg>stark</arg>
<arg>acb123</arg>
</arguments>
<kw name="Input Text" library="SeleniumLibrary">
<doc>Types the given ``text`` into the text field identified by ``locator``.</doc>
<arguments>
<arg>css:input[name=username]</arg>
<arg>${uname}</arg>
</arguments>
<msg timestamp="20200731 15:30:29.164" level="INFO">Typing text 'stark' into text field 'css:input[name=username]'.</msg>
<status status="PASS" starttime="20200731 15:30:29.164" endtime="20200731 15:30:29.306"></status>
</kw>
<kw name="Input Text" library="SeleniumLibrary">
<doc>Types the given ``text`` into the text field identified by ``locator``.</doc>
<arguments>
<arg>css:input[name=password]</arg>
<arg>${pass}</arg>
</arguments>
<msg timestamp="20200731 15:30:29.307" level="INFO">Typing text 'acb123' into text field 'css:input[name=password]'.</msg>
<status status="PASS" starttime="20200731 15:30:29.307" endtime="20200731 15:30:29.439"></status>
</kw>
<kw name="Click Element" library="SeleniumLibrary">
<doc>Click the element identified by ``locator``.</doc>
<arguments>
<arg>class:btn-login</arg>
</arguments>
<msg timestamp="20200731 15:30:29.440" level="INFO">Clicking element 'class:btn-login'.</msg>
<status status="PASS" starttime="20200731 15:30:29.439" endtime="20200731 15:30:35.028"></status>
</kw>
<status status="PASS" starttime="20200731 15:30:29.163" endtime="20200731 15:30:35.028"></status>
</kw>
<kw name="Should Contain Login Alert">
<arguments>
<arg>Senha é invalida!</arg>
</arguments>
<kw name="Get WebElement" library="SeleniumLibrary">
<doc>Returns the first WebElement matching the given ``locator``.</doc>
<arguments>
<arg>id:flash</arg>
</arguments>
<assign>
<var>${message}</var>
</assign>
<msg timestamp="20200731 15:30:35.042" level="INFO">${message} = &lt;selenium.webdriver.remote.webelement.WebElement (session="794dfd180c76504c89bb131c3e46eeaf", element="27cf165e-4f8b-4b59-97e1-a2aa75f2b6bc")&gt;</msg>
<status status="PASS" starttime="20200731 15:30:35.028" endtime="20200731 15:30:35.043"></status>
</kw>
<kw name="Should Contain" library="BuiltIn">
<doc>Fails if ``container`` does not contain ``item`` one or more times.</doc>
<arguments>
<arg>${message.text}</arg>
<arg>${expect_message}</arg>
</arguments>
<status status="PASS" starttime="20200731 15:30:35.043" endtime="20200731 15:30:35.061"></status>
</kw>
<status status="PASS" starttime="20200731 15:30:35.028" endtime="20200731 15:30:35.062"></status>
</kw>
<kw name="Encerra sessão" library="base" type="teardown">
<kw name="Capture Page Screenshot" library="SeleniumLibrary">
<doc>Takes a screenshot of the current page and embeds it into a log file.</doc>
<msg timestamp="20200731 15:30:35.745" level="INFO" html="yes">&lt;/td&gt;&lt;/tr&gt;&lt;tr&gt;&lt;td colspan="3"&gt;&lt;a href="selenium-screenshot-59.png"&gt;&lt;img src="selenium-screenshot-59.png" width="800px"&gt;&lt;/a&gt;</msg>
<status status="PASS" starttime="20200731 15:30:35.063" endtime="20200731 15:30:35.745"></status>
</kw>
<kw name="Close Browser" library="SeleniumLibrary">
<doc>Closes the current browser.</doc>
<status status="PASS" starttime="20200731 15:30:35.746" endtime="20200731 15:30:38.018"></status>
</kw>
<status status="PASS" starttime="20200731 15:30:35.062" endtime="20200731 15:30:38.018"></status>
</kw>
<tags>
<tag>login_error</tag>
</tags>
<status status="PASS" starttime="20200731 15:30:19.575" endtime="20200731 15:30:38.020" critical="yes"></status>
</test>
<test id="s1-t3" name="Usuário não existe">
<kw name="Nova sessão" library="base" type="setup">
<kw name="Open Browser" library="SeleniumLibrary">
<doc>Opens a new browser instance to the optional ``url``.</doc>
<arguments>
<arg>${url}</arg>
<arg>chrome</arg>
</arguments>
<msg timestamp="20200731 15:30:38.032" level="INFO">Opening browser 'chrome' to base url 'https://training-wheels-protocol.herokuapp.com'.</msg>
<status status="PASS" starttime="20200731 15:30:38.031" endtime="20200731 15:30:44.802"></status>
</kw>
<status status="PASS" starttime="20200731 15:30:38.030" endtime="20200731 15:30:44.802"></status>
</kw>
<kw name="Go To" library="SeleniumLibrary">
<doc>Navigates the current browser window to the provided ``url``.</doc>
<arguments>
<arg>${url}/login</arg>
</arguments>
<msg timestamp="20200731 15:30:44.803" level="INFO">Opening url 'https://training-wheels-protocol.herokuapp.com/login'</msg>
<status status="PASS" starttime="20200731 15:30:44.803" endtime="20200731 15:30:45.214"></status>
</kw>
<kw name="Login With">
<arguments>
<arg>Juliana</arg>
<arg>123456</arg>
</arguments>
<kw name="Input Text" library="SeleniumLibrary">
<doc>Types the given ``text`` into the text field identified by ``locator``.</doc>
<arguments>
<arg>css:input[name=username]</arg>
<arg>${uname}</arg>
</arguments>
<msg timestamp="20200731 15:30:45.215" level="INFO">Typing text 'Juliana' into text field 'css:input[name=username]'.</msg>
<status status="PASS" starttime="20200731 15:30:45.215" endtime="20200731 15:30:45.363"></status>
</kw>
<kw name="Input Text" library="SeleniumLibrary">
<doc>Types the given ``text`` into the text field identified by ``locator``.</doc>
<arguments>
<arg>css:input[name=password]</arg>
<arg>${pass}</arg>
</arguments>
<msg timestamp="20200731 15:30:45.363" level="INFO">Typing text '123456' into text field 'css:input[name=password]'.</msg>
<status status="PASS" starttime="20200731 15:30:45.363" endtime="20200731 15:30:45.485"></status>
</kw>
<kw name="Click Element" library="SeleniumLibrary">
<doc>Click the element identified by ``locator``.</doc>
<arguments>
<arg>class:btn-login</arg>
</arguments>
<msg timestamp="20200731 15:30:45.485" level="INFO">Clicking element 'class:btn-login'.</msg>
<status status="PASS" starttime="20200731 15:30:45.485" endtime="20200731 15:30:45.929"></status>
</kw>
<status status="PASS" starttime="20200731 15:30:45.215" endtime="20200731 15:30:45.930"></status>
</kw>
<kw name="Should Contain Login Alert">
<arguments>
<arg>O usuário informado não está cadastrado!</arg>
</arguments>
<kw name="Get WebElement" library="SeleniumLibrary">
<doc>Returns the first WebElement matching the given ``locator``.</doc>
<arguments>
<arg>id:flash</arg>
</arguments>
<assign>
<var>${message}</var>
</assign>
<msg timestamp="20200731 15:30:45.969" level="INFO">${message} = &lt;selenium.webdriver.remote.webelement.WebElement (session="17a39a9d1d07bd30660cae3d08723975", element="2b7bab35-cbce-4624-8a86-11107c7e922b")&gt;</msg>
<status status="PASS" starttime="20200731 15:30:45.932" endtime="20200731 15:30:45.969"></status>
</kw>
<kw name="Should Contain" library="BuiltIn">
<doc>Fails if ``container`` does not contain ``item`` one or more times.</doc>
<arguments>
<arg>${message.text}</arg>
<arg>${expect_message}</arg>
</arguments>
<status status="PASS" starttime="20200731 15:30:45.970" endtime="20200731 15:30:45.992"></status>
</kw>
<status status="PASS" starttime="20200731 15:30:45.931" endtime="20200731 15:30:45.992"></status>
</kw>
<kw name="Encerra sessão" library="base" type="teardown">
<kw name="Capture Page Screenshot" library="SeleniumLibrary">
<doc>Takes a screenshot of the current page and embeds it into a log file.</doc>
<msg timestamp="20200731 15:30:46.392" level="INFO" html="yes">&lt;/td&gt;&lt;/tr&gt;&lt;tr&gt;&lt;td colspan="3"&gt;&lt;a href="selenium-screenshot-60.png"&gt;&lt;img src="selenium-screenshot-60.png" width="800px"&gt;&lt;/a&gt;</msg>
<status status="PASS" starttime="20200731 15:30:45.997" endtime="20200731 15:30:46.393"></status>
</kw>
<kw name="Close Browser" library="SeleniumLibrary">
<doc>Closes the current browser.</doc>
<status status="PASS" starttime="20200731 15:30:46.393" endtime="20200731 15:30:48.657"></status>
</kw>
<status status="PASS" starttime="20200731 15:30:45.996" endtime="20200731 15:30:48.658"></status>
</kw>
<tags>
<tag>login_user404</tag>
</tags>
<status status="PASS" starttime="20200731 15:30:38.026" endtime="20200731 15:30:48.659" critical="yes"></status>
</test>
<status status="PASS" starttime="20200731 15:30:02.806" endtime="20200731 15:30:48.667"></status>
</suite>
<statistics>
<total>
<stat pass="3" fail="0">Critical Tests</stat>
<stat pass="3" fail="0">All Tests</stat>
</total>
<tag>
<stat pass="1" fail="0">login_error</stat>
<stat pass="1" fail="0">login_user404</stat>
</tag>
<suite>
<stat pass="3" fail="0" id="s1" name="Login Form">Login Form</stat>
</suite>
</statistics>
<errors>
</errors>
</robot>
