<?xml version="1.0" encoding="UTF-8"?>
<robot generator="Robot 3.2.1 (Python 3.8.3 on win32)" generated="20200706 20:41:50.152" rpa="false">
<suite id="s1" name="Test" source="c:\qaninja\robot\test.robot">
<test id="s1-t1" name="Deve retornar mensagem de boas vindas">
<kw name="Welcome" library="app">
<arguments>
<arg>Juliana</arg>
</arguments>
<assign>
<var>${result}</var>
</assign>
<msg timestamp="20200706 20:41:50.189" level="INFO">${result} = Olá Juliana, bem vindo ao curso básico de Robot Framework!</msg>
<status status="PASS" starttime="20200706 20:41:50.189" endtime="20200706 20:41:50.189"></status>
</kw>
<kw name="Should Be Equal" library="BuiltIn">
<doc>Fails if the given objects are unequal.</doc>
<arguments>
<arg>${result}</arg>
<arg>Olá Juliana, bem vindo ao curso básico de Robot Framework!</arg>
</arguments>
<status status="PASS" starttime="20200706 20:41:50.189" endtime="20200706 20:41:50.189"></status>
</kw>
<status status="PASS" starttime="20200706 20:41:50.189" endtime="20200706 20:41:50.189" critical="yes"></status>
</test>
<status status="PASS" starttime="20200706 20:41:50.152" endtime="20200706 20:41:50.189"></status>
</suite>
<statistics>
<total>
<stat pass="1" fail="0">Critical Tests</stat>
<stat pass="1" fail="0">All Tests</stat>
</total>
<tag>
</tag>
<suite>
<stat pass="1" fail="0" id="s1" name="Test">Test</stat>
</suite>
</statistics>
<errors>
</errors>
</robot>
